<?xml version="1.0" encoding="UTF-8"?>
<!-- Generated by org.testng.reporters.JUnitReportReporter -->
<testsuite name="testscripts.TestCox" tests="1" time="1.980" ignored="3" failures="0" timestamp="06 Jan 2017 10:30:45 GMT" skipped="0" hostname="XAV-101000616" errors="0">
  <testcase name="getAPITest" time="1.980" classname="testscripts.TestCox"/>
  <testcase name="testView1" classname="testscripts.TestCox">
    <skipped/>
  </testcase> <!-- testView1 -->
  <testcase name="testView3" classname="testscripts.TestCox">
    <skipped/>
  </testcase> <!-- testView3 -->
  <testcase name="testView1Xpath" classname="testscripts.TestCox">
    <skipped/>
  </testcase> <!-- testView1Xpath -->
</testsuite> <!-- testscripts.TestCox -->
