<?xml version="1.0" encoding="UTF-8"?>
<!-- Generated by org.testng.reporters.JUnitReportReporter -->
<testsuite hostname="XAV-101000616" name="com.csg.Testscripts.OSMLogout" tests="1" failures="0" timestamp="23 Nov 2016 06:10:36 GMT" time="0.000" errors="0">
  <testcase name="logoutStatus" time="0.000" classname="com.csg.Testscripts.OSMLogout"/>
</testsuite> <!-- com.csg.Testscripts.OSMLogout -->
