<?xml version="1.0" encoding="UTF-8"?>
<!-- Generated by org.testng.reporters.JUnitReportReporter -->
<testsuite hostname="XAV-101000616" name="com.csg.Testscripts.OSMLogin" tests="1" failures="0" timestamp="2 Feb 2017 05:48:50 GMT" time="2.355" errors="0">
  <testcase name="login" time="2.355" classname="com.csg.Testscripts.OSMLogin"/>
</testsuite> <!-- com.csg.Testscripts.OSMLogin -->
