<?xml version="1.0" encoding="UTF-8"?>
<!-- Generated by org.testng.reporters.JUnitReportReporter -->
<testsuite hostname="XAV-101000616" name="com.chirag.seleniumframework.testscripts.RunTest" tests="1" failures="0" timestamp="25 Jan 2017 06:30:46 GMT" time="0.576" errors="0">
  <testcase name="runTestScript" time="0.576" classname="com.chirag.seleniumframework.testscripts.RunTest"/>
</testsuite> <!-- com.chirag.seleniumframework.testscripts.RunTest -->
