<?xml version="1.0" encoding="UTF-8"?>
<!-- Generated by org.testng.reporters.JUnitReportReporter -->
<testsuite hostname="XAV-101000616" name="com.chirag.seleniumframework.testscripts.DriverClass" tests="1" failures="0" timestamp="8 Dec 2016 10:49:54 GMT" time="0.729" errors="0">
  <testcase name="openBrowser" time="0.729" classname="com.chirag.seleniumframework.testscripts.DriverClass"/>
</testsuite> <!-- com.chirag.seleniumframework.testscripts.DriverClass -->
