<?xml version="1.0" encoding="UTF-8"?>
<!-- Generated by org.testng.reporters.JUnitReportReporter -->
<testsuite hostname="XAV-101000616" name="com.test.java.SearchMacAddress" tests="1" failures="0" timestamp="1 Nov 2016 04:32:48 GMT" time="6.451" errors="0">
  <testcase name="findVoiceMacAddress" time="6.451" classname="com.test.java.SearchMacAddress"/>
</testsuite> <!-- com.test.java.SearchMacAddress -->
