<?xml version="1.0" encoding="UTF-8"?>
<!-- Generated by org.testng.reporters.JUnitReportReporter -->
<testsuite hostname="XAV-101000616" name="com.test.java.OSMApplicaion" tests="2" failures="0" timestamp="31 Oct 2016 09:59:21 GMT" time="8.877" errors="0">
  <testcase name="searchOrderID" time="6.566" classname="com.test.java.OSMApplicaion"/>
  <testcase name="login" time="2.311" classname="com.test.java.OSMApplicaion"/>
</testsuite> <!-- com.test.java.OSMApplicaion -->
