<?xml version="1.0" encoding="UTF-8"?>
<!-- Generated by org.testng.reporters.JUnitReportReporter -->
<testsuite hostname="XAV-101000616" name="com.test.java.TestFF" tests="1" failures="0" timestamp="31 Oct 2016 10:10:17 GMT" time="16.622" errors="0">
  <testcase name="setUp" time="16.622" classname="com.test.java.TestFF"/>
</testsuite> <!-- com.test.java.TestFF -->
