<?xml version="1.0" encoding="UTF-8"?>
<!-- Generated by org.testng.reporters.JUnitReportReporter -->
<testsuite hostname="XAV-101000616" name="com.test.webdriver.TestFF" tests="1" failures="0" timestamp="10 Nov 2016 11:05:47 GMT" time="17.973" errors="0">
  <testcase name="setUp" time="17.973" classname="com.test.webdriver.TestFF"/>
</testsuite> <!-- com.test.webdriver.TestFF -->
