<?xml version="1.0" encoding="UTF-8"?>
<!-- Generated by org.testng.reporters.JUnitReportReporter -->
<testsuite hostname="XEN-1001" name="reflection" tests="3" failures="0" timestamp="4 May 2016 06:34:16 GMT" time="0.147" errors="0">
  <testcase name="googleSearchTest" time="0.051" classname="reflection"/>
  <testcase name="googleSearchTest" time="0.017" classname="reflection"/>
  <testcase name="googleSearchTest" time="0.079" classname="reflection"/>
</testsuite> <!-- reflection -->
