<?xml version="1.0" encoding="UTF-8"?>
<!-- Generated by org.testng.reporters.JUnitReportReporter -->
<testsuite skipped="10" hostname="XAV-101000616" name="com.xavient.framework.WebApplicationSuite.googleSearchTest" tests="11" failures="0" timestamp="6 Dec 2016 06:01:30 GMT" time="33.343" errors="0">
  <testcase name="googleSearchVerifyTextTestq" time="1.152" classname="com.xavient.framework.WebApplicationSuite.googleSearchTest">
    <skipped/>
  </testcase> <!-- googleSearchVerifyTextTestq -->
  <testcase name="googleSearchVerifyTextTestqw" time="1.156" classname="com.xavient.framework.WebApplicationSuite.googleSearchTest">
    <skipped/>
  </testcase> <!-- googleSearchVerifyTextTestqw -->
  <testcase name="googleSearchVerifyTextTestqw" time="1.128" classname="com.xavient.framework.WebApplicationSuite.googleSearchTest">
    <skipped/>
  </testcase> <!-- googleSearchVerifyTextTestqw -->
  <testcase name="googleSearchVerifyTextTestq" time="1.105" classname="com.xavient.framework.WebApplicationSuite.googleSearchTest">
    <skipped/>
  </testcase> <!-- googleSearchVerifyTextTestq -->
  <testcase name="googleSearchVerifyTextTest" time="0.030" classname="com.xavient.framework.WebApplicationSuite.googleSearchTest">
    <skipped/>
  </testcase> <!-- googleSearchVerifyTextTest -->
  <testcase name="googleSearchTest" time="1.221" classname="com.xavient.framework.WebApplicationSuite.googleSearchTest">
    <skipped/>
  </testcase> <!-- googleSearchTest -->
  <testcase name="googleSearchVerifyTextTest" time="0.176" classname="com.xavient.framework.WebApplicationSuite.googleSearchTest">
    <skipped/>
  </testcase> <!-- googleSearchVerifyTextTest -->
  <testcase name="googleSearchVerifyTextTest" time="23.886" classname="com.xavient.framework.WebApplicationSuite.googleSearchTest"/>
  <testcase name="googleSearchTest" time="1.182" classname="com.xavient.framework.WebApplicationSuite.googleSearchTest">
    <skipped/>
  </testcase> <!-- googleSearchTest -->
  <testcase name="googleSearchVerifyTextTestq" time="1.193" classname="com.xavient.framework.WebApplicationSuite.googleSearchTest">
    <skipped/>
  </testcase> <!-- googleSearchVerifyTextTestq -->
  <testcase name="googleSearchVerifyTextTestqw" time="1.114" classname="com.xavient.framework.WebApplicationSuite.googleSearchTest">
    <skipped/>
  </testcase> <!-- googleSearchVerifyTextTestqw -->
</testsuite> <!-- com.xavient.framework.WebApplicationSuite.googleSearchTest -->
