<?xml version="1.0" encoding="UTF-8"?>
<!-- Generated by org.testng.reporters.JUnitReportReporter -->
<testsuite name="api.rest.util.HelperMethod" tests="1" time="0.007" ignored="0" failures="0" timestamp="09 Jan 2017 08:59:04 GMT" skipped="0" hostname="XAV-101000616" errors="0">
  <testcase name="assertSinglesString" time="0.007" classname="api.rest.util.HelperMethod"/>
</testsuite> <!-- api.rest.util.HelperMethod -->
