<?xml version="1.0" encoding="UTF-8"?>
<!-- Generated by org.testng.reporters.JUnitReportReporter -->
<testsuite name="api.rest.testscript.GetFilterDropdownValues" tests="1" time="0.907" ignored="1" failures="0" timestamp="27 Jan 2017 12:59:15 GMT" skipped="0" hostname="XAV-101000616" errors="0">
  <testcase name="view1ListData" time="0.907" classname="api.rest.testscript.GetFilterDropdownValues"/>
  <testcase name="filterDropDownValueStatus" classname="api.rest.testscript.GetFilterDropdownValues">
    <skipped/>
  </testcase> <!-- filterDropDownValueStatus -->
</testsuite> <!-- api.rest.testscript.GetFilterDropdownValues -->
