<?xml version="1.0" encoding="UTF-8"?>
<!-- Generated by org.testng.reporters.JUnitReportReporter -->
<testsuite name="api.rest.testscript.TestView1" tests="1" time="0.083" ignored="4" failures="0" timestamp="27 Jan 2017 12:48:03 GMT" skipped="0" hostname="XAV-101000616" errors="0">
  <testcase name="view1ListData" time="0.083" classname="api.rest.testscript.TestView1"/>
  <testcase name="filterDropDownValueStatus" classname="api.rest.testscript.GetFilterDropdownValues">
    <skipped/>
  </testcase> <!-- filterDropDownValueStatus -->
  <testcase name="view1SingleData" classname="api.rest.testscript.TestView1">
    <skipped/>
  </testcase> <!-- view1SingleData -->
  <testcase name="view1Status" classname="api.rest.testscript.TestView1">
    <skipped/>
  </testcase> <!-- view1Status -->
  <testcase name="view2testStatus" classname="api.rest.testscript.TestView2">
    <skipped/>
  </testcase> <!-- view2testStatus -->
</testsuite> <!-- api.rest.testscript.TestView1 -->
