<?xml version="1.0" encoding="UTF-8"?>
<testsuite xmlns:xsi="http://www.w3.org/2001/XMLSchema-instance" xsi:schemaLocation="https://maven.apache.org/surefire/maven-surefire-plugin/xsd/surefire-test-report.xsd" name="TestSuite" time="45.541" tests="11" errors="0" skipped="9" failures="0">
  <properties>
    <property name="java.runtime.name" value="Java(TM) SE Runtime Environment"/>
    <property name="sun.boot.library.path" value="C:\Program Files\Java\jdk1.8.0_77\jre\bin"/>
    <property name="java.vm.version" value="25.77-b03"/>
    <property name="java.vm.vendor" value="Oracle Corporation"/>
    <property name="maven.multiModuleProjectDirectory" value="D:\Folder Strucure\Projects\Charter Communication\workspace\Core_Hybrid_Framework"/>
    <property name="java.vendor.url" value="http://java.oracle.com/"/>
    <property name="path.separator" value=";"/>
    <property name="guice.disable.misplaced.annotation.check" value="true"/>
    <property name="java.vm.name" value="Java HotSpot(TM) 64-Bit Server VM"/>
    <property name="file.encoding.pkg" value="sun.io"/>
    <property name="user.script" value=""/>
    <property name="user.country" value="US"/>
    <property name="sun.java.launcher" value="SUN_STANDARD"/>
    <property name="sun.os.patch.level" value="Service Pack 1"/>
    <property name="java.vm.specification.name" value="Java Virtual Machine Specification"/>
    <property name="user.dir" value="D:\Folder Strucure\Projects\Charter Communication\workspace\Core_Hybrid_Framework"/>
    <property name="java.runtime.version" value="1.8.0_77-b03"/>
    <property name="java.awt.graphicsenv" value="sun.awt.Win32GraphicsEnvironment"/>
    <property name="java.endorsed.dirs" value="C:\Program Files\Java\jdk1.8.0_77\jre\lib\endorsed"/>
    <property name="os.arch" value="amd64"/>
    <property name="java.io.tmpdir" value="C:\Users\csingh5\AppData\Local\Temp\"/>
    <property name="line.separator" value="&#10;"/>
    <property name="java.vm.specification.vendor" value="Oracle Corporation"/>
    <property name="user.variant" value=""/>
    <property name="os.name" value="Windows 7"/>
    <property name="classworlds.conf" value="D:\Folder Strucure\Projects\Charter Communication\workspace\.metadata\.plugins\org.eclipse.m2e.launching\launches\m2conf6064678386982642017.tmp"/>
    <property name="sun.jnu.encoding" value="Cp1252"/>
    <property name="java.library.path" value="C:\Program Files\Java\jdk1.8.0_77\bin;C:\Windows\Sun\Java\bin;C:\Windows\system32;C:\Windows;C:\Program Files\Java\jdk1.8.0_77\jre\bin;C:\ProgramData\Oracle\Java\javapath;C:\Windows\system32;C:\Windows;C:\Windows\System32\Wbem;C:\Windows\System32\WindowsPowerShell\v1.0\;C:\apache-maven-3.3.9/bin;C:\Program Files\Java\jdk1.8.0_77/bin;."/>
    <property name="java.specification.name" value="Java Platform API Specification"/>
    <property name="java.class.version" value="52.0"/>
    <property name="sun.management.compiler" value="HotSpot 64-Bit Tiered Compilers"/>
    <property name="os.version" value="6.1"/>
    <property name="user.home" value="C:\Users\csingh5"/>
    <property name="user.timezone" value="Asia/Calcutta"/>
    <property name="java.awt.printerjob" value="sun.awt.windows.WPrinterJob"/>
    <property name="java.specification.version" value="1.8"/>
    <property name="file.encoding" value="Cp1252"/>
    <property name="user.name" value="csingh5"/>
    <property name="java.class.path" value="/D:/Folder Strucure/Software/eclipse-jee-neon-1a-win32-x86_64/eclipse/plugins/org.eclipse.m2e.maven.runtime_1.7.0.20160603-1931/jars/plexus-classworlds-2.5.2.jar"/>
    <property name="java.vm.specification.version" value="1.8"/>
    <property name="sun.arch.data.model" value="64"/>
    <property name="java.home" value="C:\Program Files\Java\jdk1.8.0_77\jre"/>
    <property name="sun.java.command" value="org.codehaus.plexus.classworlds.launcher.Launcher -B test"/>
    <property name="java.specification.vendor" value="Oracle Corporation"/>
    <property name="user.language" value="en"/>
    <property name="awt.toolkit" value="sun.awt.windows.WToolkit"/>
    <property name="java.vm.info" value="mixed mode"/>
    <property name="java.version" value="1.8.0_77"/>
    <property name="java.ext.dirs" value="C:\Program Files\Java\jdk1.8.0_77\jre\lib\ext;C:\Windows\Sun\Java\lib\ext"/>
    <property name="sun.boot.class.path" value="C:\Program Files\Java\jdk1.8.0_77\jre\lib\resources.jar;C:\Program Files\Java\jdk1.8.0_77\jre\lib\rt.jar;C:\Program Files\Java\jdk1.8.0_77\jre\lib\sunrsasign.jar;C:\Program Files\Java\jdk1.8.0_77\jre\lib\jsse.jar;C:\Program Files\Java\jdk1.8.0_77\jre\lib\jce.jar;C:\Program Files\Java\jdk1.8.0_77\jre\lib\charsets.jar;C:\Program Files\Java\jdk1.8.0_77\jre\lib\jfr.jar;C:\Program Files\Java\jdk1.8.0_77\jre\classes"/>
    <property name="java.vendor" value="Oracle Corporation"/>
    <property name="maven.home" value="D:\Folder Strucure\Projects\Charter Communication\workspace\Core_Hybrid_Framework\EMBEDDED"/>
    <property name="file.separator" value="\"/>
    <property name="java.vendor.url.bug" value="http://bugreport.sun.com/bugreport/"/>
    <property name="sun.cpu.endian" value="little"/>
    <property name="sun.io.unicode.encoding" value="UnicodeLittle"/>
    <property name="sun.desktop" value="windows"/>
    <property name="sun.cpu.isalist" value="amd64"/>
  </properties>
  <testcase name="googleSearchVerifyTextTest" classname="com.xavient.framework.WebApplicationSuite.googleSearchTest" time="0">
    <skipped/>
    <system-out><![CDATA[[TestNGContentHandler] [WARN] It is strongly recommended to add "<!DOCTYPE suite SYSTEM "http://testng.org/testng-1.0.dtd" >" at the top of your file, otherwise TestNG may fail or not work as expected.
googleSearchTest
1----------------------------Screen Function
Total rows=========== 3
googleSearchVerifyTextTest
6----------------------------Screen Function
Total rows=========== 4
googleSearchVerifyTextTestq
12----------------------------Screen Function
Total rows=========== 4
googleSearchVerifyTextTestqw
18----------------------------Screen Function
Total rows=========== 4
googleSearchTest
Runmode
Y
Y
googleSearchVerifyTextTest
Runmode
Y
N
Iteration no. 2
counter    5
true---------------SKIP Function----------------- 2
true---------------SKIP Function----------------- 2
true---------------SKIP Function----------------- 2
true---------------SKIP Function----------------- 2
true---------------SKIP Function----------------- 2
true---------------SKIP Function----------------- 2
N
Iteration no. 3
counter    5
true---------------SKIP Function----------------- 3
true---------------SKIP Function----------------- 3
true---------------SKIP Function----------------- 3
true---------------SKIP Function----------------- 3
true---------------SKIP Function----------------- 3
true---------------SKIP Function----------------- 3
googleSearchVerifyTextTestq
Runmode
Y
N
Iteration no. 2
counter    11
true---------------SKIP Function----------------- 2
true---------------SKIP Function----------------- 2
Y
googleSearchVerifyTextTestqw
Runmode
N
Iteration no. 1
counter    13
true---------------SKIP Function----------------- 1
true---------------SKIP Function----------------- 1
true---------------SKIP Function----------------- 1
true---------------SKIP Function----------------- 1
Y
N
Iteration no. 3
counter    13
true---------------SKIP Function----------------- 3
true---------------SKIP Function----------------- 3
true---------------SKIP Function----------------- 3
true---------------SKIP Function----------------- 3
googleSearchVerifyTextTestq
D:\Folder Strucure\Projects\Charter Communication\workspace\Core_Hybrid_Framework\executioninfo\input-data\webApplicationSuite.xlsx
googleSearchVerifyTextTest
D:\Folder Strucure\Projects\Charter Communication\workspace\Core_Hybrid_Framework\executioninfo\input-data\webApplicationSuite.xlsx
6
12
googleSearchTest
D:\Folder Strucure\Projects\Charter Communication\workspace\Core_Hybrid_Framework\executioninfo\input-data\webApplicationSuite.xlsx
1
openBrowser ---  --- Browser
Starting function openBrowser - mozilla
true
true
true
true
]]></system-out>
  </testcase>
  <testcase name="googleSearchVerifyTextTest" classname="com.xavient.framework.WebApplicationSuite.googleSearchTest" time="0">
    <skipped/>
    <system-out><![CDATA[true
true
true
true
]]></system-out>
  </testcase>
  <testcase name="googleSearchVerifyTextTest" classname="com.xavient.framework.WebApplicationSuite.googleSearchTest" time="0">
    <skipped/>
    <system-out><![CDATA[true
true
true
]]></system-out>
  </testcase>
  <testcase name="googleSearchVerifyTextTestq" classname="com.xavient.framework.WebApplicationSuite.googleSearchTest" time="0">
    <skipped/>
  </testcase>
  <testcase name="googleSearchVerifyTextTestq" classname="com.xavient.framework.WebApplicationSuite.googleSearchTest" time="0">
    <skipped/>
  </testcase>
  <testcase name="googleSearchVerifyTextTestq" classname="com.xavient.framework.WebApplicationSuite.googleSearchTest" time="0">
    <skipped/>
    <system-out><![CDATA[googleSearchVerifyTextTestqw
D:\Folder Strucure\Projects\Charter Communication\workspace\Core_Hybrid_Framework\executioninfo\input-data\webApplicationSuite.xlsx
true
18
]]></system-out>
  </testcase>
  <testcase name="googleSearchVerifyTextTestqw" classname="com.xavient.framework.WebApplicationSuite.googleSearchTest" time="0">
    <skipped/>
    <system-out><![CDATA[true
true
]]></system-out>
  </testcase>
  <testcase name="googleSearchVerifyTextTestqw" classname="com.xavient.framework.WebApplicationSuite.googleSearchTest" time="0">
    <skipped/>
    <system-out><![CDATA[true
true
]]></system-out>
  </testcase>
  <testcase name="googleSearchVerifyTextTestqw" classname="com.xavient.framework.WebApplicationSuite.googleSearchTest" time="0">
    <skipped/>
    <system-out><![CDATA[true
Ending  function openBrowser with status PASS
true
]]></system-out>
    <system-err><![CDATA[log4j:WARN No appenders could be found for logger (org.apache.http.client.protocol.RequestAddCookies).
log4j:WARN Please initialize the log4j system properly.
]]></system-err>
  </testcase>
  <testcase name="googleSearchTest" classname="com.xavient.framework.WebApplicationSuite.googleSearchTest" time="7.346"/>
  <testcase name="googleSearchTest" classname="com.xavient.framework.WebApplicationSuite.googleSearchTest" time="13.115"/>
</testsuite>